<?xml version="1.0" encoding="UTF-8"?>
<!-- Generated by org.testng.reporters.JUnitXMLReporter -->
<testsuite hostname="DESKTOP-N6T2AN7" name="Test" tests="3" failures="0" timestamp="27 May 2019 23:19:55 GMT" time="29.491" errors="0">
  <testcase name="hrmsLoginTest" time="8.271" classname="com.hrms.TestScripts.TC_001"/>
  <testcase name="hrmsUserHomeTest" time="10.576" classname="com.hrms.TestScripts.TC_002"/>
  <testcase name="hrmsAddEmpTest" time="10.616" classname="com.hrms.TestScripts.TC_003"/>
</testsuite> <!-- Test -->
