<?xml version="1.0" encoding="UTF-8"?>
<!-- Generated by org.testng.reporters.JUnitXMLReporter -->
<testsuite hostname="DESKTOP-N6T2AN7" name="Test" tests="3" failures="0" timestamp="27 May 2019 22:03:51 GMT" time="22.86" errors="0">
  <testcase name="hrmsLoginTest" time="7.293" classname="com.hrms.TestScripts.TC_001"/>
  <testcase name="hrmsUserHomeTest" time="6.424" classname="com.hrms.TestScripts.TC_002"/>
  <testcase name="hrmsAddEmpTest" time="9.111" classname="com.hrms.TestScripts.TC_003"/>
</testsuite> <!-- Test -->
